<?xml version="1.0" encoding="UTF-8"?>
<!-- Generated by org.testng.reporters.JUnitXMLReporter -->
<testsuite hostname="LAPTOP-JIEOSS87" ignored="0" name="Test" tests="16" failures="2" timestamp="10 Apr 2021 06:01:48 GMT" time="0.213" errors="0">
  <testcase name="tc1" time="0.023" classname="org.test.RerunTestng"/>
  <testcase name="tc2" time="0.011" classname="org.test.RerunTestng">
    <skipped/>
  </testcase> <!-- tc2 -->
  <testcase name="tc2" time="0.0" classname="org.test.RerunTestng">
    <skipped/>
  </testcase> <!-- tc2 -->
  <testcase name="tc2" time="0.001" classname="org.test.RerunTestng">
    <skipped/>
  </testcase> <!-- tc2 -->
  <testcase name="tc2" time="0.0" classname="org.test.RerunTestng">
    <skipped/>
  </testcase> <!-- tc2 -->
  <testcase name="tc2" time="0.016" classname="org.test.RerunTestng">
    <skipped/>
  </testcase> <!-- tc2 -->
  <testcase name="tc2" time="0.001" classname="org.test.RerunTestng">
    <failure type="java.lang.AssertionError" message="expected [true] but found [false]">
      <![CDATA[java.lang.AssertionError: expected [true] but found [false]
at org.test.RerunTestng.tc2(RerunTestng.java:15)
... Removed 29 stack frames]]>
    </failure>
  </testcase> <!-- tc2 -->
  <testcase name="tc3" time="0.015" classname="org.test.RerunTestng"/>
  <testcase name="tc4" time="0.001" classname="org.test.RerunTestng"/>
  <testcase name="tc5" time="0.0" classname="org.test.RerunTestng"/>
  <testcase name="tc6" time="0.001" classname="org.test.RerunTestng">
    <skipped/>
  </testcase> <!-- tc6 -->
  <testcase name="tc6" time="0.009" classname="org.test.RerunTestng">
    <skipped/>
  </testcase> <!-- tc6 -->
  <testcase name="tc6" time="0.0" classname="org.test.RerunTestng">
    <skipped/>
  </testcase> <!-- tc6 -->
  <testcase name="tc6" time="0.0" classname="org.test.RerunTestng">
    <skipped/>
  </testcase> <!-- tc6 -->
  <testcase name="tc6" time="0.017" classname="org.test.RerunTestng">
    <skipped/>
  </testcase> <!-- tc6 -->
  <testcase name="tc6" time="0.001" classname="org.test.RerunTestng">
    <failure type="java.lang.AssertionError" message="expected [true] but found [false]">
      <![CDATA[java.lang.AssertionError: expected [true] but found [false]
at org.test.RerunTestng.tc6(RerunTestng.java:32)
... Removed 29 stack frames]]>
    </failure>
  </testcase> <!-- tc6 -->
</testsuite> <!-- Test -->
